<?xml version="1.0" encoding="UTF-8"?>
<testsuite name="io.github.zzuegg.jbinary.DataStoreTest" tests="10" skipped="0" failures="0" errors="0" timestamp="2026-02-27T09:46:35.247Z" hostname="runnervmnay03" time="0.102">
  <properties/>
  <testcase name="decimalFieldRoundTrip()" classname="io.github.zzuegg.jbinary.DataStoreTest" time="0.04"/>
  <testcase name="multipleComponentTypesInOneStore()" classname="io.github.zzuegg.jbinary.DataStoreTest" time="0.003"/>
  <testcase name="intFieldRoundTrip()" classname="io.github.zzuegg.jbinary.DataStoreTest" time="0.001"/>
  <testcase name="intFieldBoundary()" classname="io.github.zzuegg.jbinary.DataStoreTest" time="0.001"/>
  <testcase name="rowIsolation()" classname="io.github.zzuegg.jbinary.DataStoreTest" time="0.001"/>
  <testcase name="layoutBuilderBitsRequired()" classname="io.github.zzuegg.jbinary.DataStoreTest" time="0.002"/>
  <testcase name="enumFieldOrdinal()" classname="io.github.zzuegg.jbinary.DataStoreTest" time="0.004"/>
  <testcase name="bitsSpanWordBoundary()" classname="io.github.zzuegg.jbinary.DataStoreTest" time="0.002"/>
  <testcase name="boolFieldRoundTrip()" classname="io.github.zzuegg.jbinary.DataStoreTest" time="0.001"/>
  <testcase name="enumFieldExplicitCodes()" classname="io.github.zzuegg.jbinary.DataStoreTest" time="0.004"/>
  <system-out><![CDATA[]]></system-out>
  <system-err><![CDATA[]]></system-err>
</testsuite>
